<?xml version="1.0" encoding="UTF-8"?>
<robot generator="Robot 6.1.1 (Python 3.10.12 on linux)" generated="20241118 12:17:43.467" rpa="false" schemaversion="4">
<suite id="s1" name="Tests" source="/home/suvi/tkt/palautusrepositorio/palautusrepositorio/viikko3/web-login/src/tests">
<suite id="s1-s1" name="Home" source="/home/suvi/tkt/palautusrepositorio/palautusrepositorio/viikko3/web-login/src/tests/home.robot">
<kw name="Open And Configure Browser" library="resource" type="SETUP">
<if>
<branch type="IF" condition="$BROWSER == 'chrome'">
<kw name="Evaluate" library="BuiltIn">
<var>${options}</var>
<arg>sys.modules['selenium.webdriver'].ChromeOptions()</arg>
<arg>sys</arg>
<doc>Evaluates the given expression in Python and returns the result.</doc>
<msg timestamp="20241118 12:17:43.727" level="INFO">${options} = &lt;selenium.webdriver.chrome.options.Options object at 0x7fa16964f790&gt;</msg>
<status status="PASS" starttime="20241118 12:17:43.727" endtime="20241118 12:17:43.727"/>
</kw>
<status status="PASS" starttime="20241118 12:17:43.706" endtime="20241118 12:17:43.727"/>
</branch>
<branch type="ELSE IF" condition="$BROWSER == 'firefox'">
<kw name="Evaluate" library="BuiltIn">
<var>${options}</var>
<arg>sys.modules['selenium.webdriver'].FirefoxOptions()</arg>
<arg>sys</arg>
<doc>Evaluates the given expression in Python and returns the result.</doc>
<status status="NOT RUN" starttime="20241118 12:17:43.727" endtime="20241118 12:17:43.727"/>
</kw>
<status status="NOT RUN" starttime="20241118 12:17:43.727" endtime="20241118 12:17:43.727"/>
</branch>
<status status="PASS" starttime="20241118 12:17:43.706" endtime="20241118 12:17:43.727"/>
</if>
<if>
<branch type="IF" condition="$HEADLESS == 'true'">
<kw name="Set Selenium Speed" library="SeleniumLibrary">
<arg>0</arg>
<doc>Sets the delay that is waited after each Selenium command.</doc>
<status status="NOT RUN" starttime="20241118 12:17:43.727" endtime="20241118 12:17:43.728"/>
</kw>
<kw name="Call Method" library="BuiltIn">
<arg>${options}</arg>
<arg>add_argument</arg>
<arg>--headless</arg>
<doc>Calls the named method of the given object with the provided arguments.</doc>
<status status="NOT RUN" starttime="20241118 12:17:43.728" endtime="20241118 12:17:43.728"/>
</kw>
<status status="NOT RUN" starttime="20241118 12:17:43.727" endtime="20241118 12:17:43.728"/>
</branch>
<branch type="ELSE">
<kw name="Set Selenium Speed" library="SeleniumLibrary">
<arg>${DELAY}</arg>
<doc>Sets the delay that is waited after each Selenium command.</doc>
<status status="PASS" starttime="20241118 12:17:43.728" endtime="20241118 12:17:43.728"/>
</kw>
<status status="PASS" starttime="20241118 12:17:43.728" endtime="20241118 12:17:43.728"/>
</branch>
<status status="PASS" starttime="20241118 12:17:43.727" endtime="20241118 12:17:43.728"/>
</if>
<kw name="Open Browser" library="SeleniumLibrary">
<arg>browser=${BROWSER}</arg>
<arg>options=${options}</arg>
<doc>Opens a new browser instance to the optional ``url``.</doc>
<msg timestamp="20241118 12:17:43.729" level="INFO">Opening browser 'chrome' to base url 'None'.</msg>
<status status="PASS" starttime="20241118 12:17:43.729" endtime="20241118 12:17:44.862"/>
</kw>
<status status="PASS" starttime="20241118 12:17:43.705" endtime="20241118 12:17:44.862"/>
</kw>
<test id="s1-s1-t1" name="Click Login Link" line="8">
<kw name="Reset Application And Go To Starting Page" type="SETUP">
<kw name="Reset Application" library="AppLibrary">
<status status="PASS" starttime="20241118 12:17:44.864" endtime="20241118 12:17:44.868"/>
</kw>
<kw name="Go to Starting Page" library="resource">
<kw name="Go To" library="SeleniumLibrary">
<arg>${HOME_URL}</arg>
<doc>Navigates the current browser window to the provided ``url``.</doc>
<msg timestamp="20241118 12:17:44.869" level="INFO">Opening url 'http://localhost:5001'</msg>
<status status="PASS" starttime="20241118 12:17:44.869" endtime="20241118 12:17:45.543"/>
</kw>
<status status="PASS" starttime="20241118 12:17:44.868" endtime="20241118 12:17:45.543"/>
</kw>
<status status="PASS" starttime="20241118 12:17:44.863" endtime="20241118 12:17:45.543"/>
</kw>
<kw name="Click Link" library="SeleniumLibrary">
<arg>Login</arg>
<doc>Clicks a link identified by ``locator``.</doc>
<msg timestamp="20241118 12:17:45.545" level="INFO">Clicking link 'Login'.</msg>
<status status="PASS" starttime="20241118 12:17:45.544" endtime="20241118 12:17:47.284"/>
</kw>
<kw name="Login Page Should Be Open" library="resource">
<kw name="Title Should Be" library="SeleniumLibrary">
<arg>Login</arg>
<doc>Verifies that the current page title equals ``title``.</doc>
<msg timestamp="20241118 12:17:47.804" level="INFO">Page title is 'Login'.</msg>
<status status="PASS" starttime="20241118 12:17:47.285" endtime="20241118 12:17:47.804"/>
</kw>
<status status="PASS" starttime="20241118 12:17:47.285" endtime="20241118 12:17:47.804"/>
</kw>
<status status="PASS" starttime="20241118 12:17:44.862" endtime="20241118 12:17:47.805"/>
</test>
<test id="s1-s1-t2" name="Click Register Link" line="12">
<kw name="Reset Application And Go To Starting Page" type="SETUP">
<kw name="Reset Application" library="AppLibrary">
<status status="PASS" starttime="20241118 12:17:47.807" endtime="20241118 12:17:47.813"/>
</kw>
<kw name="Go to Starting Page" library="resource">
<kw name="Go To" library="SeleniumLibrary">
<arg>${HOME_URL}</arg>
<doc>Navigates the current browser window to the provided ``url``.</doc>
<msg timestamp="20241118 12:17:47.813" level="INFO">Opening url 'http://localhost:5001'</msg>
<status status="PASS" starttime="20241118 12:17:47.813" endtime="20241118 12:17:48.385"/>
</kw>
<status status="PASS" starttime="20241118 12:17:47.813" endtime="20241118 12:17:48.385"/>
</kw>
<status status="PASS" starttime="20241118 12:17:47.807" endtime="20241118 12:17:48.385"/>
</kw>
<kw name="Click Link" library="SeleniumLibrary">
<arg>Register new user</arg>
<doc>Clicks a link identified by ``locator``.</doc>
<msg timestamp="20241118 12:17:48.386" level="INFO">Clicking link 'Register new user'.</msg>
<status status="PASS" starttime="20241118 12:17:48.385" endtime="20241118 12:17:50.144"/>
</kw>
<kw name="Register Page Should Be Open" library="resource">
<kw name="Title Should Be" library="SeleniumLibrary">
<arg>Register</arg>
<doc>Verifies that the current page title equals ``title``.</doc>
<msg timestamp="20241118 12:17:50.675" level="INFO">Page title is 'Register'.</msg>
<status status="PASS" starttime="20241118 12:17:50.145" endtime="20241118 12:17:50.675"/>
</kw>
<status status="PASS" starttime="20241118 12:17:50.145" endtime="20241118 12:17:50.675"/>
</kw>
<status status="PASS" starttime="20241118 12:17:47.806" endtime="20241118 12:17:50.676"/>
</test>
<kw name="Close Browser" library="SeleniumLibrary" type="TEARDOWN">
<doc>Closes the current browser.</doc>
<status status="PASS" starttime="20241118 12:17:50.677" endtime="20241118 12:17:51.303"/>
</kw>
<status status="PASS" starttime="20241118 12:17:43.485" endtime="20241118 12:17:51.303"/>
</suite>
<suite id="s1-s2" name="Login" source="/home/suvi/tkt/palautusrepositorio/palautusrepositorio/viikko3/web-login/src/tests/login.robot">
<kw name="Open And Configure Browser" library="resource" type="SETUP">
<if>
<branch type="IF" condition="$BROWSER == 'chrome'">
<kw name="Evaluate" library="BuiltIn">
<var>${options}</var>
<arg>sys.modules['selenium.webdriver'].ChromeOptions()</arg>
<arg>sys</arg>
<doc>Evaluates the given expression in Python and returns the result.</doc>
<msg timestamp="20241118 12:17:51.310" level="INFO">${options} = &lt;selenium.webdriver.chrome.options.Options object at 0x7fa1694f5150&gt;</msg>
<status status="PASS" starttime="20241118 12:17:51.310" endtime="20241118 12:17:51.310"/>
</kw>
<status status="PASS" starttime="20241118 12:17:51.310" endtime="20241118 12:17:51.310"/>
</branch>
<branch type="ELSE IF" condition="$BROWSER == 'firefox'">
<kw name="Evaluate" library="BuiltIn">
<var>${options}</var>
<arg>sys.modules['selenium.webdriver'].FirefoxOptions()</arg>
<arg>sys</arg>
<doc>Evaluates the given expression in Python and returns the result.</doc>
<status status="NOT RUN" starttime="20241118 12:17:51.311" endtime="20241118 12:17:51.311"/>
</kw>
<status status="NOT RUN" starttime="20241118 12:17:51.310" endtime="20241118 12:17:51.312"/>
</branch>
<status status="PASS" starttime="20241118 12:17:51.310" endtime="20241118 12:17:51.312"/>
</if>
<if>
<branch type="IF" condition="$HEADLESS == 'true'">
<kw name="Set Selenium Speed" library="SeleniumLibrary">
<arg>0</arg>
<doc>Sets the delay that is waited after each Selenium command.</doc>
<status status="NOT RUN" starttime="20241118 12:17:51.312" endtime="20241118 12:17:51.312"/>
</kw>
<kw name="Call Method" library="BuiltIn">
<arg>${options}</arg>
<arg>add_argument</arg>
<arg>--headless</arg>
<doc>Calls the named method of the given object with the provided arguments.</doc>
<status status="NOT RUN" starttime="20241118 12:17:51.312" endtime="20241118 12:17:51.312"/>
</kw>
<status status="NOT RUN" starttime="20241118 12:17:51.312" endtime="20241118 12:17:51.313"/>
</branch>
<branch type="ELSE">
<kw name="Set Selenium Speed" library="SeleniumLibrary">
<arg>${DELAY}</arg>
<doc>Sets the delay that is waited after each Selenium command.</doc>
<status status="PASS" starttime="20241118 12:17:51.313" endtime="20241118 12:17:51.313"/>
</kw>
<status status="PASS" starttime="20241118 12:17:51.313" endtime="20241118 12:17:51.313"/>
</branch>
<status status="PASS" starttime="20241118 12:17:51.312" endtime="20241118 12:17:51.313"/>
</if>
<kw name="Open Browser" library="SeleniumLibrary">
<arg>browser=${BROWSER}</arg>
<arg>options=${options}</arg>
<doc>Opens a new browser instance to the optional ``url``.</doc>
<msg timestamp="20241118 12:17:51.313" level="INFO">Opening browser 'chrome' to base url 'None'.</msg>
<status status="PASS" starttime="20241118 12:17:51.313" endtime="20241118 12:17:52.405"/>
</kw>
<status status="PASS" starttime="20241118 12:17:51.309" endtime="20241118 12:17:52.405"/>
</kw>
<test id="s1-s2-t1" name="Login With Correct Credentials" line="8">
<kw name="Reset Application Create User And Go To Login Page" type="SETUP">
<kw name="Reset Application" library="AppLibrary">
<status status="PASS" starttime="20241118 12:17:52.407" endtime="20241118 12:17:52.417"/>
</kw>
<kw name="Create User" library="AppLibrary">
<arg>kalle</arg>
<arg>kalle123</arg>
<status status="PASS" starttime="20241118 12:17:52.417" endtime="20241118 12:17:52.432"/>
</kw>
<kw name="Go To Login Page" library="resource">
<kw name="Go To" library="SeleniumLibrary">
<arg>${LOGIN_URL}</arg>
<doc>Navigates the current browser window to the provided ``url``.</doc>
<msg timestamp="20241118 12:17:52.435" level="INFO">Opening url 'http://localhost:5001/login'</msg>
<status status="PASS" starttime="20241118 12:17:52.435" endtime="20241118 12:17:53.101"/>
</kw>
<status status="PASS" starttime="20241118 12:17:52.432" endtime="20241118 12:17:53.101"/>
</kw>
<status status="PASS" starttime="20241118 12:17:52.406" endtime="20241118 12:17:53.101"/>
</kw>
<kw name="Set Username">
<arg>kalle</arg>
<kw name="Input Text" library="SeleniumLibrary">
<arg>username</arg>
<arg>${username}</arg>
<doc>Types the given ``text`` into the text field identified by ``locator``.</doc>
<msg timestamp="20241118 12:17:53.103" level="INFO">Typing text 'kalle' into text field 'username'.</msg>
<status status="PASS" starttime="20241118 12:17:53.102" endtime="20241118 12:17:54.908"/>
</kw>
<status status="PASS" starttime="20241118 12:17:53.102" endtime="20241118 12:17:54.908"/>
</kw>
<kw name="Set Password">
<arg>kalle123</arg>
<kw name="Input Password" library="SeleniumLibrary">
<arg>password</arg>
<arg>${password}</arg>
<doc>Types the given password into the text field identified by ``locator``.</doc>
<msg timestamp="20241118 12:17:54.911" level="INFO">Typing password into text field 'password'.</msg>
<msg timestamp="20241118 12:17:56.048" level="INFO">Temporally setting log level to: NONE</msg>
<msg timestamp="20241118 12:17:56.696" level="INFO">Log level changed from NONE to INFO.</msg>
<status status="PASS" starttime="20241118 12:17:54.910" endtime="20241118 12:17:56.696"/>
</kw>
<status status="PASS" starttime="20241118 12:17:54.909" endtime="20241118 12:17:56.697"/>
</kw>
<kw name="Submit Credentials">
<kw name="Click Button" library="SeleniumLibrary">
<arg>Login</arg>
<doc>Clicks the button identified by ``locator``.</doc>
<msg timestamp="20241118 12:17:56.698" level="INFO">Clicking button 'Login'.</msg>
<status status="PASS" starttime="20241118 12:17:56.697" endtime="20241118 12:17:58.924"/>
</kw>
<status status="PASS" starttime="20241118 12:17:56.697" endtime="20241118 12:17:58.924"/>
</kw>
<kw name="Login Should Succeed">
<kw name="Main Page Should Be Open" library="resource">
<kw name="Title Should Be" library="SeleniumLibrary">
<arg>Ohtu Application main page</arg>
<doc>Verifies that the current page title equals ``title``.</doc>
<msg timestamp="20241118 12:17:59.455" level="INFO">Page title is 'Ohtu Application main page'.</msg>
<status status="PASS" starttime="20241118 12:17:58.925" endtime="20241118 12:17:59.455"/>
</kw>
<status status="PASS" starttime="20241118 12:17:58.924" endtime="20241118 12:17:59.455"/>
</kw>
<status status="PASS" starttime="20241118 12:17:58.924" endtime="20241118 12:17:59.455"/>
</kw>
<status status="PASS" starttime="20241118 12:17:52.406" endtime="20241118 12:17:59.456"/>
</test>
<test id="s1-s2-t2" name="Login With Incorrect Password" line="14">
<kw name="Reset Application Create User And Go To Login Page" type="SETUP">
<kw name="Reset Application" library="AppLibrary">
<status status="PASS" starttime="20241118 12:17:59.458" endtime="20241118 12:17:59.462"/>
</kw>
<kw name="Create User" library="AppLibrary">
<arg>kalle</arg>
<arg>kalle123</arg>
<status status="PASS" starttime="20241118 12:17:59.463" endtime="20241118 12:17:59.473"/>
</kw>
<kw name="Go To Login Page" library="resource">
<kw name="Go To" library="SeleniumLibrary">
<arg>${LOGIN_URL}</arg>
<doc>Navigates the current browser window to the provided ``url``.</doc>
<msg timestamp="20241118 12:17:59.474" level="INFO">Opening url 'http://localhost:5001/login'</msg>
<status status="PASS" starttime="20241118 12:17:59.474" endtime="20241118 12:18:00.046"/>
</kw>
<status status="PASS" starttime="20241118 12:17:59.474" endtime="20241118 12:18:00.046"/>
</kw>
<status status="PASS" starttime="20241118 12:17:59.457" endtime="20241118 12:18:00.046"/>
</kw>
<kw name="Set Username">
<arg>kalle</arg>
<kw name="Input Text" library="SeleniumLibrary">
<arg>username</arg>
<arg>${username}</arg>
<doc>Types the given ``text`` into the text field identified by ``locator``.</doc>
<msg timestamp="20241118 12:18:00.047" level="INFO">Typing text 'kalle' into text field 'username'.</msg>
<status status="PASS" starttime="20241118 12:18:00.047" endtime="20241118 12:18:01.831"/>
</kw>
<status status="PASS" starttime="20241118 12:18:00.047" endtime="20241118 12:18:01.831"/>
</kw>
<kw name="Set Password">
<arg>kalle456</arg>
<kw name="Input Password" library="SeleniumLibrary">
<arg>password</arg>
<arg>${password}</arg>
<doc>Types the given password into the text field identified by ``locator``.</doc>
<msg timestamp="20241118 12:18:01.832" level="INFO">Typing password into text field 'password'.</msg>
<msg timestamp="20241118 12:18:02.939" level="INFO">Temporally setting log level to: NONE</msg>
<msg timestamp="20241118 12:18:03.608" level="INFO">Log level changed from NONE to INFO.</msg>
<status status="PASS" starttime="20241118 12:18:01.831" endtime="20241118 12:18:03.608"/>
</kw>
<status status="PASS" starttime="20241118 12:18:01.831" endtime="20241118 12:18:03.608"/>
</kw>
<kw name="Submit Credentials">
<kw name="Click Button" library="SeleniumLibrary">
<arg>Login</arg>
<doc>Clicks the button identified by ``locator``.</doc>
<msg timestamp="20241118 12:18:03.610" level="INFO">Clicking button 'Login'.</msg>
<status status="PASS" starttime="20241118 12:18:03.610" endtime="20241118 12:18:05.941"/>
</kw>
<status status="PASS" starttime="20241118 12:18:03.609" endtime="20241118 12:18:05.941"/>
</kw>
<kw name="Login Should Fail With Message">
<arg>Invalid username or password</arg>
<kw name="Login Page Should Be Open" library="resource">
<kw name="Title Should Be" library="SeleniumLibrary">
<arg>Login</arg>
<doc>Verifies that the current page title equals ``title``.</doc>
<msg timestamp="20241118 12:18:06.466" level="INFO">Page title is 'Login'.</msg>
<status status="PASS" starttime="20241118 12:18:05.944" endtime="20241118 12:18:06.466"/>
</kw>
<status status="PASS" starttime="20241118 12:18:05.942" endtime="20241118 12:18:06.466"/>
</kw>
<kw name="Page Should Contain" library="SeleniumLibrary">
<arg>${message}</arg>
<doc>Verifies that current page contains ``text``.</doc>
<msg timestamp="20241118 12:18:07.515" level="INFO">Current page contains text 'Invalid username or password'.</msg>
<status status="PASS" starttime="20241118 12:18:06.466" endtime="20241118 12:18:07.515"/>
</kw>
<status status="PASS" starttime="20241118 12:18:05.942" endtime="20241118 12:18:07.515"/>
</kw>
<status status="PASS" starttime="20241118 12:17:59.456" endtime="20241118 12:18:07.516"/>
</test>
<kw name="Close Browser" library="SeleniumLibrary" type="TEARDOWN">
<doc>Closes the current browser.</doc>
<status status="PASS" starttime="20241118 12:18:07.517" endtime="20241118 12:18:08.096"/>
</kw>
<status status="PASS" starttime="20241118 12:17:51.305" endtime="20241118 12:18:08.096"/>
</suite>
<status status="PASS" starttime="20241118 12:17:43.468" endtime="20241118 12:18:08.098"/>
</suite>
<statistics>
<total>
<stat pass="4" fail="0" skip="0">All Tests</stat>
</total>
<tag>
</tag>
<suite>
<stat pass="4" fail="0" skip="0" id="s1" name="Tests">Tests</stat>
<stat pass="2" fail="0" skip="0" id="s1-s1" name="Home">Tests.Home</stat>
<stat pass="2" fail="0" skip="0" id="s1-s2" name="Login">Tests.Login</stat>
</suite>
</statistics>
<errors>
</errors>
</robot>
