<?xml version="1.0" encoding="UTF-8"?>
<robot generator="Robot 6.1.1 (Python 3.10.12 on linux)" generated="20241118 19:38:13.102" rpa="false" schemaversion="4">
<suite id="s1" name="Register" source="/home/suvi/tkt/palautusrepositorio/palautusrepositorio/viikko3/web-login/src/tests/register.robot">
<kw name="Open And Configure Browser" library="resource" type="SETUP">
<if>
<branch type="IF" condition="$BROWSER == 'chrome'">
<kw name="Evaluate" library="BuiltIn">
<var>${options}</var>
<arg>sys.modules['selenium.webdriver'].ChromeOptions()</arg>
<arg>sys</arg>
<doc>Evaluates the given expression in Python and returns the result.</doc>
<msg timestamp="20241118 19:38:13.337" level="INFO">${options} = &lt;selenium.webdriver.chrome.options.Options object at 0x7efd6f07fe80&gt;</msg>
<status status="PASS" starttime="20241118 19:38:13.337" endtime="20241118 19:38:13.337"/>
</kw>
<status status="PASS" starttime="20241118 19:38:13.315" endtime="20241118 19:38:13.337"/>
</branch>
<branch type="ELSE IF" condition="$BROWSER == 'firefox'">
<kw name="Evaluate" library="BuiltIn">
<var>${options}</var>
<arg>sys.modules['selenium.webdriver'].FirefoxOptions()</arg>
<arg>sys</arg>
<doc>Evaluates the given expression in Python and returns the result.</doc>
<status status="NOT RUN" starttime="20241118 19:38:13.338" endtime="20241118 19:38:13.338"/>
</kw>
<status status="NOT RUN" starttime="20241118 19:38:13.337" endtime="20241118 19:38:13.338"/>
</branch>
<status status="PASS" starttime="20241118 19:38:13.315" endtime="20241118 19:38:13.338"/>
</if>
<if>
<branch type="IF" condition="$HEADLESS == 'true'">
<kw name="Set Selenium Speed" library="SeleniumLibrary">
<arg>0</arg>
<doc>Sets the delay that is waited after each Selenium command.</doc>
<status status="NOT RUN" starttime="20241118 19:38:13.338" endtime="20241118 19:38:13.338"/>
</kw>
<kw name="Call Method" library="BuiltIn">
<arg>${options}</arg>
<arg>add_argument</arg>
<arg>--headless</arg>
<doc>Calls the named method of the given object with the provided arguments.</doc>
<status status="NOT RUN" starttime="20241118 19:38:13.338" endtime="20241118 19:38:13.338"/>
</kw>
<status status="NOT RUN" starttime="20241118 19:38:13.338" endtime="20241118 19:38:13.338"/>
</branch>
<branch type="ELSE">
<kw name="Set Selenium Speed" library="SeleniumLibrary">
<arg>${DELAY}</arg>
<doc>Sets the delay that is waited after each Selenium command.</doc>
<status status="PASS" starttime="20241118 19:38:13.338" endtime="20241118 19:38:13.339"/>
</kw>
<status status="PASS" starttime="20241118 19:38:13.338" endtime="20241118 19:38:13.339"/>
</branch>
<status status="PASS" starttime="20241118 19:38:13.338" endtime="20241118 19:38:13.339"/>
</if>
<kw name="Open Browser" library="SeleniumLibrary">
<arg>browser=${BROWSER}</arg>
<arg>options=${options}</arg>
<doc>Opens a new browser instance to the optional ``url``.</doc>
<msg timestamp="20241118 19:38:13.339" level="INFO">Opening browser 'chrome' to base url 'None'.</msg>
<status status="PASS" starttime="20241118 19:38:13.339" endtime="20241118 19:38:14.472"/>
</kw>
<status status="PASS" starttime="20241118 19:38:13.314" endtime="20241118 19:38:14.472"/>
</kw>
<test id="s1-t1" name="Login After Failed Registration" line="68">
<kw name="Reset Application Create User And Go To Register Page" type="SETUP">
<kw name="Reset Application" library="AppLibrary">
<status status="PASS" starttime="20241118 19:38:14.489" endtime="20241118 19:38:14.513"/>
</kw>
<kw name="Create User" library="AppLibrary">
<arg>suvi</arg>
<arg>kalle123</arg>
<status status="PASS" starttime="20241118 19:38:14.514" endtime="20241118 19:38:14.547"/>
</kw>
<kw name="Go to Register Page" library="resource">
<kw name="Go To" library="SeleniumLibrary">
<arg>${REGISTER_URL}</arg>
<doc>Navigates the current browser window to the provided ``url``.</doc>
<msg timestamp="20241118 19:38:14.558" level="INFO">Opening url 'http://localhost:5001/register'</msg>
<status status="PASS" starttime="20241118 19:38:14.557" endtime="20241118 19:38:15.241"/>
</kw>
<status status="PASS" starttime="20241118 19:38:14.549" endtime="20241118 19:38:15.241"/>
</kw>
<status status="PASS" starttime="20241118 19:38:14.474" endtime="20241118 19:38:15.241"/>
</kw>
<kw name="Set Username">
<arg>marsu</arg>
<kw name="Input Text" library="SeleniumLibrary">
<arg>username</arg>
<arg>${username}</arg>
<doc>Types the given ``text`` into the text field identified by ``locator``.</doc>
<msg timestamp="20241118 19:38:15.243" level="INFO">Typing text 'marsu' into text field 'username'.</msg>
<status status="PASS" starttime="20241118 19:38:15.242" endtime="20241118 19:38:17.052"/>
</kw>
<status status="PASS" starttime="20241118 19:38:15.242" endtime="20241118 19:38:17.052"/>
</kw>
<kw name="Set Password">
<arg>marsu</arg>
<kw name="Input Password" library="SeleniumLibrary">
<arg>password</arg>
<arg>${password}</arg>
<doc>Types the given password into the text field identified by ``locator``.</doc>
<msg timestamp="20241118 19:38:17.053" level="INFO">Typing password into text field 'password'.</msg>
<msg timestamp="20241118 19:38:18.162" level="INFO">Temporally setting log level to: NONE</msg>
<msg timestamp="20241118 19:38:18.811" level="INFO">Log level changed from NONE to INFO.</msg>
<status status="PASS" starttime="20241118 19:38:17.052" endtime="20241118 19:38:18.811"/>
</kw>
<status status="PASS" starttime="20241118 19:38:17.052" endtime="20241118 19:38:18.811"/>
</kw>
<kw name="Set Reconfirm Password">
<arg>marsu</arg>
<kw name="Input Password" library="SeleniumLibrary">
<arg>password_confirmation</arg>
<arg>${password_confirmation}</arg>
<doc>Types the given password into the text field identified by ``locator``.</doc>
<msg timestamp="20241118 19:38:18.812" level="INFO">Typing password into text field 'password_confirmation'.</msg>
<msg timestamp="20241118 19:38:19.888" level="INFO">Temporally setting log level to: NONE</msg>
<msg timestamp="20241118 19:38:20.553" level="INFO">Log level changed from NONE to INFO.</msg>
<status status="PASS" starttime="20241118 19:38:18.812" endtime="20241118 19:38:20.553"/>
</kw>
<status status="PASS" starttime="20241118 19:38:18.811" endtime="20241118 19:38:20.553"/>
</kw>
<kw name="Submit Credentials">
<kw name="Click Button" library="SeleniumLibrary">
<arg>Register</arg>
<doc>Clicks the button identified by ``locator``.</doc>
<msg timestamp="20241118 19:38:20.555" level="INFO">Clicking button 'Register'.</msg>
<status status="PASS" starttime="20241118 19:38:20.554" endtime="20241118 19:38:22.802"/>
</kw>
<status status="PASS" starttime="20241118 19:38:20.554" endtime="20241118 19:38:22.803"/>
</kw>
<kw name="Register Should Fail With Message">
<arg>Minimum password length is 8</arg>
<kw name="Register Page Should Be Open" library="resource">
<kw name="Title Should Be" library="SeleniumLibrary">
<arg>Register</arg>
<doc>Verifies that the current page title equals ``title``.</doc>
<msg timestamp="20241118 19:38:23.326" level="INFO">Page title is 'Register'.</msg>
<status status="PASS" starttime="20241118 19:38:22.803" endtime="20241118 19:38:23.326"/>
</kw>
<status status="PASS" starttime="20241118 19:38:22.803" endtime="20241118 19:38:23.326"/>
</kw>
<kw name="Page Should Contain" library="SeleniumLibrary">
<arg>${message}</arg>
<doc>Verifies that current page contains ``text``.</doc>
<msg timestamp="20241118 19:38:24.367" level="INFO">Current page contains text 'Minimum password length is 8'.</msg>
<status status="PASS" starttime="20241118 19:38:23.326" endtime="20241118 19:38:24.367"/>
</kw>
<status status="PASS" starttime="20241118 19:38:22.803" endtime="20241118 19:38:24.367"/>
</kw>
<kw name="Click Link" library="SeleniumLibrary">
<arg>Login</arg>
<doc>Clicks a link identified by ``locator``.</doc>
<msg timestamp="20241118 19:38:24.368" level="INFO">Clicking link 'Login'.</msg>
<status status="PASS" starttime="20241118 19:38:24.367" endtime="20241118 19:38:26.155"/>
</kw>
<kw name="Login Page Should Be Open" library="resource">
<kw name="Title Should Be" library="SeleniumLibrary">
<arg>Login</arg>
<doc>Verifies that the current page title equals ``title``.</doc>
<msg timestamp="20241118 19:38:26.683" level="INFO">Page title is 'Login'.</msg>
<status status="PASS" starttime="20241118 19:38:26.156" endtime="20241118 19:38:26.684"/>
</kw>
<status status="PASS" starttime="20241118 19:38:26.156" endtime="20241118 19:38:26.684"/>
</kw>
<kw name="Set Username">
<arg>marsu</arg>
<kw name="Input Text" library="SeleniumLibrary">
<arg>username</arg>
<arg>${username}</arg>
<doc>Types the given ``text`` into the text field identified by ``locator``.</doc>
<msg timestamp="20241118 19:38:26.685" level="INFO">Typing text 'marsu' into text field 'username'.</msg>
<status status="PASS" starttime="20241118 19:38:26.685" endtime="20241118 19:38:28.479"/>
</kw>
<status status="PASS" starttime="20241118 19:38:26.684" endtime="20241118 19:38:28.479"/>
</kw>
<kw name="Set Password">
<arg>marsu</arg>
<kw name="Input Password" library="SeleniumLibrary">
<arg>password</arg>
<arg>${password}</arg>
<doc>Types the given password into the text field identified by ``locator``.</doc>
<msg timestamp="20241118 19:38:28.480" level="INFO">Typing password into text field 'password'.</msg>
<msg timestamp="20241118 19:38:29.594" level="INFO">Temporally setting log level to: NONE</msg>
<msg timestamp="20241118 19:38:30.268" level="INFO">Log level changed from NONE to INFO.</msg>
<status status="PASS" starttime="20241118 19:38:28.480" endtime="20241118 19:38:30.268"/>
</kw>
<status status="PASS" starttime="20241118 19:38:28.479" endtime="20241118 19:38:30.268"/>
</kw>
<kw name="Click Button" library="SeleniumLibrary">
<arg>Login</arg>
<doc>Clicks the button identified by ``locator``.</doc>
<msg timestamp="20241118 19:38:30.269" level="INFO">Clicking button 'Login'.</msg>
<status status="PASS" starttime="20241118 19:38:30.268" endtime="20241118 19:38:32.558"/>
</kw>
<kw name="Login Should Fail With Message">
<arg>Invalid username or password</arg>
<kw name="Login Page Should Be Open" library="resource">
<kw name="Title Should Be" library="SeleniumLibrary">
<arg>Login</arg>
<doc>Verifies that the current page title equals ``title``.</doc>
<msg timestamp="20241118 19:38:33.081" level="INFO">Page title is 'Login'.</msg>
<status status="PASS" starttime="20241118 19:38:32.559" endtime="20241118 19:38:33.081"/>
</kw>
<status status="PASS" starttime="20241118 19:38:32.559" endtime="20241118 19:38:33.081"/>
</kw>
<kw name="Page Should Contain" library="SeleniumLibrary">
<arg>${message}</arg>
<doc>Verifies that current page contains ``text``.</doc>
<msg timestamp="20241118 19:38:34.120" level="INFO">Current page contains text 'Invalid username or password'.</msg>
<status status="PASS" starttime="20241118 19:38:33.081" endtime="20241118 19:38:34.120"/>
</kw>
<status status="PASS" starttime="20241118 19:38:32.559" endtime="20241118 19:38:34.120"/>
</kw>
<status status="PASS" starttime="20241118 19:38:14.472" endtime="20241118 19:38:34.121"/>
</test>
<kw name="Close Browser" library="SeleniumLibrary" type="TEARDOWN">
<doc>Closes the current browser.</doc>
<status status="PASS" starttime="20241118 19:38:34.122" endtime="20241118 19:38:34.715"/>
</kw>
<status status="PASS" starttime="20241118 19:38:13.103" endtime="20241118 19:38:34.715"/>
</suite>
<statistics>
<total>
<stat pass="1" fail="0" skip="0">All Tests</stat>
</total>
<tag>
</tag>
<suite>
<stat pass="1" fail="0" skip="0" id="s1" name="Register">Register</stat>
</suite>
</statistics>
<errors>
</errors>
</robot>
